{
  "stats": {
    "suites": 1,
    "tests": 2,
    "passes": 2,
    "pending": 0,
    "failures": 0,
    "start": "2026-03-09T13:28:41.337Z",
    "end": "2026-03-09T13:28:42.116Z",
    "duration": 779,
    "testsRegistered": 2,
    "passPercent": 100,
    "pendingPercent": 0,
    "other": 0,
    "hasOther": false,
    "skipped": 0,
    "hasSkipped": false
  },
  "results": [
    {
      "uuid": "717716e9-4fb0-46e6-8369-8b8b75dc97a7",
      "title": "",
      "fullFile": "cypress\\e2e\\apiPrueba.cy.js",
      "file": "cypress\\e2e\\apiPrueba.cy.js",
      "beforeHooks": [],
      "afterHooks": [],
      "tests": [],
      "suites": [
        {
          "uuid": "a2981952-beea-49fa-870e-02f816ba0a10",
          "title": "Prueba de API",
          "fullFile": "",
          "file": "",
          "beforeHooks": [],
          "afterHooks": [],
          "tests": [
            {
              "title": "Debe responder con status 200",
              "fullTitle": "Prueba de API Debe responder con status 200",
              "timedOut": null,
              "duration": 604,
              "state": "passed",
              "speed": "fast",
              "pass": true,
              "fail": false,
              "pending": false,
              "context": null,
              "code": "cy.request(\"https://jsonplaceholder.typicode.com/posts/1\").its(\"status\").should(\"equal\", 200);",
              "err": {},
              "uuid": "5ecdb32e-003c-45a6-ad29-e48f7a5ed275",
              "parentUUID": "a2981952-beea-49fa-870e-02f816ba0a10",
              "isHook": false,
              "skipped": false
            },
            {
              "title": "Validar el GET de la lista de usuarios",
              "fullTitle": "Prueba de API Validar el GET de la lista de usuarios",
              "timedOut": null,
              "duration": 134,
              "state": "passed",
              "speed": "fast",
              "pass": true,
              "fail": false,
              "pending": false,
              "context": null,
              "code": "cy.request(\"https://jsonplaceholder.typicode.com/users\").then(response => {\n  expect(response.status).to.equal(200);\n  expect(response.body).to.have.length(10);\n  expect(response.body[0]).to.have.property(\"name\", \"Leanne Graham\");\n});",
              "err": {},
              "uuid": "64ca4279-6970-4f77-b664-63ec4944db25",
              "parentUUID": "a2981952-beea-49fa-870e-02f816ba0a10",
              "isHook": false,
              "skipped": false
            }
          ],
          "suites": [],
          "passes": [
            "5ecdb32e-003c-45a6-ad29-e48f7a5ed275",
            "64ca4279-6970-4f77-b664-63ec4944db25"
          ],
          "failures": [],
          "pending": [],
          "skipped": [],
          "duration": 738,
          "root": false,
          "rootEmpty": false,
          "_timeout": 2000
        }
      ],
      "passes": [],
      "failures": [],
      "pending": [],
      "skipped": [],
      "duration": 0,
      "root": true,
      "rootEmpty": true,
      "_timeout": 2000
    }
  ],
  "meta": {
    "mocha": {
      "version": "7.2.0"
    },
    "mochawesome": {
      "options": {
        "quiet": false,
        "reportFilename": "mochawesome",
        "saveHtml": true,
        "saveJson": true,
        "consoleReporter": "spec",
        "useInlineDiffs": false,
        "code": true
      },
      "version": "7.1.4"
    },
    "marge": {
      "options": {
        "reportDir": "cypress/reports",
        "overwrite": false,
        "html": true,
        "json": true
      },
      "version": "6.3.2"
    }
  }
}