{
  "stats": {
    "suites": 1,
    "tests": 5,
    "passes": 5,
    "pending": 0,
    "failures": 0,
    "start": "2026-03-09T13:28:30.354Z",
    "end": "2026-03-09T13:28:39.191Z",
    "duration": 8837,
    "testsRegistered": 5,
    "passPercent": 100,
    "pendingPercent": 0,
    "other": 0,
    "hasOther": false,
    "skipped": 0,
    "hasSkipped": false
  },
  "results": [
    {
      "uuid": "84c89594-3929-4219-b830-9b35ad3090d8",
      "title": "",
      "fullFile": "cypress\\e2e\\Ejercicios 02 Marzo.cy.js",
      "file": "cypress\\e2e\\Ejercicios 02 Marzo.cy.js",
      "beforeHooks": [],
      "afterHooks": [],
      "tests": [],
      "suites": [
        {
          "uuid": "061bf7fa-9607-42eb-9cd5-4f819e3a9f59",
          "title": "Cypress Ejercicios",
          "fullFile": "",
          "file": "",
          "beforeHooks": [],
          "afterHooks": [],
          "tests": [
            {
              "title": "Ejercicio 1 – Nivel básico",
              "fullTitle": "Cypress Ejercicios Ejercicio 1 – Nivel básico",
              "timedOut": null,
              "duration": 1537,
              "state": "passed",
              "speed": "fast",
              "pass": true,
              "fail": false,
              "pending": false,
              "context": null,
              "code": "cy.contains('Kitchen Sink').should('be.visible');\ncy.contains('type').should('exist');",
              "err": {},
              "uuid": "1c8d3e86-f1c9-4851-87da-bf31648a57be",
              "parentUUID": "061bf7fa-9607-42eb-9cd5-4f819e3a9f59",
              "isHook": false,
              "skipped": false
            },
            {
              "title": "Ejercicio 2 – Nivel medio",
              "fullTitle": "Cypress Ejercicios Ejercicio 2 – Nivel medio",
              "timedOut": null,
              "duration": 981,
              "state": "passed",
              "speed": "fast",
              "pass": true,
              "fail": false,
              "pending": false,
              "context": null,
              "code": "cy.contains('type').click();\ncy.get('.action-email').type('Kevin').should('have.value', 'Kevin');",
              "err": {},
              "uuid": "525c0e93-9875-45cf-a8cc-285ddb7d7636",
              "parentUUID": "061bf7fa-9607-42eb-9cd5-4f819e3a9f59",
              "isHook": false,
              "skipped": false
            },
            {
              "title": "Ejercicio 3 – Nivel medio",
              "fullTitle": "Cypress Ejercicios Ejercicio 3 – Nivel medio",
              "timedOut": null,
              "duration": 866,
              "state": "passed",
              "speed": "fast",
              "pass": true,
              "fail": false,
              "pending": false,
              "context": null,
              "code": "cy.get('.home-list').contains('Actions').click();\ncy.get('.well [type=\"checkbox\"]').check({\n  force: true\n}).should('be.checked');",
              "err": {},
              "uuid": "816b3d0d-685c-4beb-b1dc-d7ab981e6b2a",
              "parentUUID": "061bf7fa-9607-42eb-9cd5-4f819e3a9f59",
              "isHook": false,
              "skipped": false
            },
            {
              "title": "Ejercicio 4 – Nivel avanzado",
              "fullTitle": "Cypress Ejercicios Ejercicio 4 – Nivel avanzado",
              "timedOut": null,
              "duration": 1120,
              "state": "passed",
              "speed": "fast",
              "pass": true,
              "fail": false,
              "pending": false,
              "context": null,
              "code": "cy.get('.home-list').contains('Actions').click();\ncy.get('#email1').type('prueba@ejemplo.com');\ncy.get('.action-form').within(() => {\n  cy.get('[type=\"text\"]').type('CUPON123');\n  cy.root().submit();\n});\ncy.contains('Your form has been submitted!').should('be.visible');",
              "err": {},
              "uuid": "b2c884f3-640e-453b-8cab-e2adfffffec0",
              "parentUUID": "061bf7fa-9607-42eb-9cd5-4f819e3a9f59",
              "isHook": false,
              "skipped": false
            },
            {
              "title": "Ejercicio 5 – Nivel avanzado",
              "fullTitle": "Cypress Ejercicios Ejercicio 5 – Nivel avanzado",
              "timedOut": null,
              "duration": 1769,
              "state": "passed",
              "speed": "fast",
              "pass": true,
              "fail": false,
              "pending": false,
              "context": null,
              "code": "cy.visit('https://example.cypress.io/commands/actions');\ncy.get('#email1').type('admin@test.com');\ncy.get('#password1').type('password123');\ncy.get('.action-form').submit();\ncy.contains('Your form has been submitted!').should('be.visible');\ncy.contains('Querying').click({\n  force: true\n});\ncy.url().should('include', '/commands/querying');\ncy.get('.navbar-brand').click();\ncy.url().should('eq', 'https://example.cypress.io/');\ncy.contains('Kitchen Sink').should('be.visible');",
              "err": {},
              "uuid": "434afe10-066e-488d-8182-e2d701c64449",
              "parentUUID": "061bf7fa-9607-42eb-9cd5-4f819e3a9f59",
              "isHook": false,
              "skipped": false
            }
          ],
          "suites": [],
          "passes": [
            "1c8d3e86-f1c9-4851-87da-bf31648a57be",
            "525c0e93-9875-45cf-a8cc-285ddb7d7636",
            "816b3d0d-685c-4beb-b1dc-d7ab981e6b2a",
            "b2c884f3-640e-453b-8cab-e2adfffffec0",
            "434afe10-066e-488d-8182-e2d701c64449"
          ],
          "failures": [],
          "pending": [],
          "skipped": [],
          "duration": 6273,
          "root": false,
          "rootEmpty": false,
          "_timeout": 2000
        }
      ],
      "passes": [],
      "failures": [],
      "pending": [],
      "skipped": [],
      "duration": 0,
      "root": true,
      "rootEmpty": true,
      "_timeout": 2000
    }
  ],
  "meta": {
    "mocha": {
      "version": "7.2.0"
    },
    "mochawesome": {
      "options": {
        "quiet": false,
        "reportFilename": "mochawesome",
        "saveHtml": true,
        "saveJson": true,
        "consoleReporter": "spec",
        "useInlineDiffs": false,
        "code": true
      },
      "version": "7.1.4"
    },
    "marge": {
      "options": {
        "reportDir": "cypress/reports",
        "overwrite": false,
        "html": true,
        "json": true
      },
      "version": "6.3.2"
    }
  }
}