{
  "stats": {
    "suites": 1,
    "tests": 1,
    "passes": 1,
    "pending": 0,
    "failures": 0,
    "start": "2026-03-09T13:28:52.224Z",
    "end": "2026-03-09T13:28:55.847Z",
    "duration": 3623,
    "testsRegistered": 1,
    "passPercent": 100,
    "pendingPercent": 0,
    "other": 0,
    "hasOther": false,
    "skipped": 0,
    "hasSkipped": false
  },
  "results": [
    {
      "uuid": "999c2af4-7ae2-4cae-ad1f-95c800fcc473",
      "title": "",
      "fullFile": "cypress\\e2e\\formulario.cy.js",
      "file": "cypress\\e2e\\formulario.cy.js",
      "beforeHooks": [],
      "afterHooks": [],
      "tests": [],
      "suites": [
        {
          "uuid": "3ebe378b-8478-4740-ad0d-75b889684f4c",
          "title": "Prueba de formulario",
          "fullFile": "",
          "file": "",
          "beforeHooks": [],
          "afterHooks": [],
          "tests": [
            {
              "title": "Debe diligenciar formulario",
              "fullTitle": "Prueba de formulario Debe diligenciar formulario",
              "timedOut": null,
              "duration": 1934,
              "state": "passed",
              "speed": "fast",
              "pass": true,
              "fail": false,
              "pending": false,
              "context": null,
              "code": "cy.visit(\"https://example.cypress.io/commands/actions\");\ncy.get(\"#email1\").type(\"prueba@correo.com\");\ncy.get(\"#password1\").type(\"123456\");\ncy.get(\".action-form\").submit();",
              "err": {},
              "uuid": "d92efeea-529c-4391-b86a-a704100d05e7",
              "parentUUID": "3ebe378b-8478-4740-ad0d-75b889684f4c",
              "isHook": false,
              "skipped": false
            }
          ],
          "suites": [],
          "passes": [
            "d92efeea-529c-4391-b86a-a704100d05e7"
          ],
          "failures": [],
          "pending": [],
          "skipped": [],
          "duration": 1934,
          "root": false,
          "rootEmpty": false,
          "_timeout": 2000
        }
      ],
      "passes": [],
      "failures": [],
      "pending": [],
      "skipped": [],
      "duration": 0,
      "root": true,
      "rootEmpty": true,
      "_timeout": 2000
    }
  ],
  "meta": {
    "mocha": {
      "version": "7.2.0"
    },
    "mochawesome": {
      "options": {
        "quiet": false,
        "reportFilename": "mochawesome",
        "saveHtml": true,
        "saveJson": true,
        "consoleReporter": "spec",
        "useInlineDiffs": false,
        "code": true
      },
      "version": "7.1.4"
    },
    "marge": {
      "options": {
        "reportDir": "cypress/reports",
        "overwrite": false,
        "html": true,
        "json": true
      },
      "version": "6.3.2"
    }
  }
}