{
  "stats": {
    "suites": 1,
    "tests": 1,
    "passes": 1,
    "pending": 0,
    "failures": 0,
    "start": "2026-03-09T13:29:03.172Z",
    "end": "2026-03-09T13:29:06.428Z",
    "duration": 3256,
    "testsRegistered": 1,
    "passPercent": 100,
    "pendingPercent": 0,
    "other": 0,
    "hasOther": false,
    "skipped": 0,
    "hasSkipped": false
  },
  "results": [
    {
      "uuid": "d1354861-3c40-49d8-b254-4b6e4fa90e21",
      "title": "",
      "fullFile": "cypress\\e2e\\title.cy.js",
      "file": "cypress\\e2e\\title.cy.js",
      "beforeHooks": [],
      "afterHooks": [],
      "tests": [],
      "suites": [
        {
          "uuid": "a76580df-b979-42cc-bf3e-822b273b5985",
          "title": "Prueba de de titulo",
          "fullFile": "",
          "file": "",
          "beforeHooks": [],
          "afterHooks": [],
          "tests": [
            {
              "title": "Verificar titulo",
              "fullTitle": "Prueba de de titulo Verificar titulo",
              "timedOut": null,
              "duration": 1481,
              "state": "passed",
              "speed": "fast",
              "pass": true,
              "fail": false,
              "pending": false,
              "context": null,
              "code": "cy.visit(\"https://example.cypress.io\");\ncy.title().should(\"include\", \"Cypress\");",
              "err": {},
              "uuid": "6c65ee41-d915-451d-98fc-18966bc8059c",
              "parentUUID": "a76580df-b979-42cc-bf3e-822b273b5985",
              "isHook": false,
              "skipped": false
            }
          ],
          "suites": [],
          "passes": [
            "6c65ee41-d915-451d-98fc-18966bc8059c"
          ],
          "failures": [],
          "pending": [],
          "skipped": [],
          "duration": 1481,
          "root": false,
          "rootEmpty": false,
          "_timeout": 2000
        }
      ],
      "passes": [],
      "failures": [],
      "pending": [],
      "skipped": [],
      "duration": 0,
      "root": true,
      "rootEmpty": true,
      "_timeout": 2000
    }
  ],
  "meta": {
    "mocha": {
      "version": "7.2.0"
    },
    "mochawesome": {
      "options": {
        "quiet": false,
        "reportFilename": "mochawesome",
        "saveHtml": true,
        "saveJson": true,
        "consoleReporter": "spec",
        "useInlineDiffs": false,
        "code": true
      },
      "version": "7.1.4"
    },
    "marge": {
      "options": {
        "reportDir": "cypress/reports",
        "overwrite": false,
        "html": true,
        "json": true
      },
      "version": "6.3.2"
    }
  }
}