{
  "stats": {
    "suites": 1,
    "tests": 1,
    "passes": 1,
    "pending": 0,
    "failures": 0,
    "start": "2026-03-09T13:28:49.510Z",
    "end": "2026-03-09T13:28:49.631Z",
    "duration": 121,
    "testsRegistered": 1,
    "passPercent": 100,
    "pendingPercent": 0,
    "other": 0,
    "hasOther": false,
    "skipped": 0,
    "hasSkipped": false
  },
  "results": [
    {
      "uuid": "1f4e23a3-6199-4a38-a2b5-7cac5c6f45a3",
      "title": "",
      "fullFile": "cypress\\e2e\\ejer.cy.js",
      "file": "cypress\\e2e\\ejer.cy.js",
      "beforeHooks": [],
      "afterHooks": [],
      "tests": [],
      "suites": [
        {
          "uuid": "dfcb0e2b-0c1e-497d-9847-b3711d0c4883",
          "title": "mi primera prueba",
          "fullFile": "",
          "file": "",
          "beforeHooks": [],
          "afterHooks": [],
          "tests": [
            {
              "title": "Verficar valores de variables",
              "fullTitle": "mi primera prueba Verficar valores de variables",
              "timedOut": null,
              "duration": 66,
              "state": "passed",
              "speed": "fast",
              "pass": true,
              "fail": false,
              "pending": false,
              "context": null,
              "code": "var a = 10;\nvar b = 20;\nexpect(a).to.equal(10);\nexpect(b).to.equal(20);",
              "err": {},
              "uuid": "c01d7bd4-05ba-43b6-b8c4-862157505067",
              "parentUUID": "dfcb0e2b-0c1e-497d-9847-b3711d0c4883",
              "isHook": false,
              "skipped": false
            }
          ],
          "suites": [],
          "passes": [
            "c01d7bd4-05ba-43b6-b8c4-862157505067"
          ],
          "failures": [],
          "pending": [],
          "skipped": [],
          "duration": 66,
          "root": false,
          "rootEmpty": false,
          "_timeout": 2000
        }
      ],
      "passes": [],
      "failures": [],
      "pending": [],
      "skipped": [],
      "duration": 0,
      "root": true,
      "rootEmpty": true,
      "_timeout": 2000
    }
  ],
  "meta": {
    "mocha": {
      "version": "7.2.0"
    },
    "mochawesome": {
      "options": {
        "quiet": false,
        "reportFilename": "mochawesome",
        "saveHtml": true,
        "saveJson": true,
        "consoleReporter": "spec",
        "useInlineDiffs": false,
        "code": true
      },
      "version": "7.1.4"
    },
    "marge": {
      "options": {
        "reportDir": "cypress/reports",
        "overwrite": false,
        "html": true,
        "json": true
      },
      "version": "6.3.2"
    }
  }
}